{"/home/luciano/estudos_node/myapp/src/utils.ts": {"path":"/home/luciano/estudos_node/myapp/src/utils.ts","statementMap":{"0":{"start":{"line":2,"column":4},"end":{"line":4,"column":null}},"1":{"start":{"line":2,"column":21},"end":{"line":2,"column":null}},"2":{"start":{"line":4,"column":9},"end":{"line":4,"column":null}},"3":{"start":{"line":1,"column":0},"end":{"line":1,"column":16}}},"fnMap":{"0":{"name":"isError","decl":{"start":{"line":1,"column":16},"end":{"line":1,"column":23}},"loc":{"start":{"line":1,"column":36},"end":{"line":5,"column":1}}}},"branchMap":{"0":{"loc":{"start":{"line":2,"column":4},"end":{"line":4,"column":null}},"type":"if","locations":[{"start":{"line":2,"column":4},"end":{"line":4,"column":null}},{"start":{"line":4,"column":9},"end":{"line":4,"column":null}}]}},"s":{"0":6,"1":0,"2":6,"3":2},"f":{"0":6},"b":{"0":[0,6]}}
,"/home/luciano/estudos_node/myapp/src/actions/closest-week-day.ts": {"path":"/home/luciano/estudos_node/myapp/src/actions/closest-week-day.ts","statementMap":{"0":{"start":{"line":1,"column":16},"end":{"line":6,"column":2}},"1":{"start":{"line":9,"column":22},"end":{"line":9,"column":35}},"2":{"start":{"line":10,"column":4},"end":{"line":14,"column":null}},"3":{"start":{"line":11,"column":8},"end":{"line":11,"column":null}},"4":{"start":{"line":13,"column":8},"end":{"line":13,"column":null}},"5":{"start":{"line":18,"column":4},"end":{"line":18,"column":null}},"6":{"start":{"line":18,"column":29},"end":{"line":18,"column":69}},"7":{"start":{"line":22,"column":18},"end":{"line":22,"column":32}},"8":{"start":{"line":24,"column":4},"end":{"line":25,"column":null}},"9":{"start":{"line":24,"column":51},"end":{"line":24,"column":null}},"10":{"start":{"line":25,"column":9},"end":{"line":25,"column":null}},"11":{"start":{"line":21,"column":0},"end":{"line":21,"column":16}},"12":{"start":{"line":28,"column":18},"end":{"line":28,"column":32}},"13":{"start":{"line":30,"column":4},"end":{"line":31,"column":null}},"14":{"start":{"line":30,"column":51},"end":{"line":30,"column":null}},"15":{"start":{"line":31,"column":9},"end":{"line":31,"column":null}},"16":{"start":{"line":27,"column":0},"end":{"line":27,"column":16}}},"fnMap":{"0":{"name":"isWeekday","decl":{"start":{"line":8,"column":9},"end":{"line":8,"column":18}},"loc":{"start":{"line":8,"column":29},"end":{"line":15,"column":1}}},"1":{"name":"isHoliday","decl":{"start":{"line":17,"column":9},"end":{"line":17,"column":18}},"loc":{"start":{"line":17,"column":29},"end":{"line":19,"column":1}}},"2":{"name":"(anonymous_2)","decl":{"start":{"line":18,"column":24},"end":{"line":18,"column":25}},"loc":{"start":{"line":18,"column":29},"end":{"line":18,"column":69}}},"3":{"name":"closestWeekDay","decl":{"start":{"line":21,"column":16},"end":{"line":21,"column":30}},"loc":{"start":{"line":21,"column":41},"end":{"line":26,"column":1}}},"4":{"name":"closestWeekDayBefore","decl":{"start":{"line":27,"column":16},"end":{"line":27,"column":36}},"loc":{"start":{"line":27,"column":47},"end":{"line":32,"column":1}}}},"branchMap":{"0":{"loc":{"start":{"line":10,"column":4},"end":{"line":14,"column":null}},"type":"if","locations":[{"start":{"line":10,"column":4},"end":{"line":14,"column":null}},{"start":{"line":12,"column":9},"end":{"line":14,"column":null}}]},"1":{"loc":{"start":{"line":10,"column":7},"end":{"line":10,"column":39}},"type":"binary-expr","locations":[{"start":{"line":10,"column":7},"end":{"line":10,"column":21}},{"start":{"line":10,"column":25},"end":{"line":10,"column":39}}]},"2":{"loc":{"start":{"line":24,"column":4},"end":{"line":25,"column":null}},"type":"if","locations":[{"start":{"line":24,"column":4},"end":{"line":25,"column":null}},{"start":{"line":25,"column":9},"end":{"line":25,"column":null}}]},"3":{"loc":{"start":{"line":24,"column":8},"end":{"line":24,"column":49}},"type":"binary-expr","locations":[{"start":{"line":24,"column":8},"end":{"line":24,"column":26}},{"start":{"line":24,"column":30},"end":{"line":24,"column":49}}]},"4":{"loc":{"start":{"line":30,"column":4},"end":{"line":31,"column":null}},"type":"if","locations":[{"start":{"line":30,"column":4},"end":{"line":31,"column":null}},{"start":{"line":31,"column":9},"end":{"line":31,"column":null}}]},"5":{"loc":{"start":{"line":30,"column":8},"end":{"line":30,"column":49}},"type":"binary-expr","locations":[{"start":{"line":30,"column":8},"end":{"line":30,"column":26}},{"start":{"line":30,"column":30},"end":{"line":30,"column":49}}]}},"s":{"0":1,"1":5,"2":5,"3":2,"4":3,"5":2,"6":8,"7":3,"8":3,"9":1,"10":2,"11":1,"12":2,"13":2,"14":1,"15":1,"16":1},"f":{"0":5,"1":2,"2":8,"3":3,"4":2},"b":{"0":[2,3],"1":[5,4],"2":[1,2],"3":[3,1],"4":[1,1],"5":[2,1]}}
,"/home/luciano/estudos_node/myapp/src/middleware/in.ts": {"path":"/home/luciano/estudos_node/myapp/src/middleware/in.ts","statementMap":{"0":{"start":{"line":2,"column":0},"end":{"line":2,"column":60}},"1":{"start":{"line":3,"column":0},"end":{"line":3,"column":35}},"2":{"start":{"line":10,"column":2},"end":{"line":23,"column":null}},"3":{"start":{"line":11,"column":23},"end":{"line":11,"column":37}},"4":{"start":{"line":13,"column":4},"end":{"line":13,"column":80}},"5":{"start":{"line":13,"column":39},"end":{"line":13,"column":80}},"6":{"start":{"line":14,"column":4},"end":{"line":14,"column":63}},"7":{"start":{"line":14,"column":21},"end":{"line":14,"column":63}},"8":{"start":{"line":15,"column":17},"end":{"line":15,"column":51}},"9":{"start":{"line":16,"column":4},"end":{"line":16,"column":63}},"10":{"start":{"line":16,"column":31},"end":{"line":16,"column":63}},"11":{"start":{"line":18,"column":4},"end":{"line":18,"column":27}},"12":{"start":{"line":19,"column":4},"end":{"line":19,"column":11}},"13":{"start":{"line":21,"column":4},"end":{"line":22,"column":34}},"14":{"start":{"line":21,"column":22},"end":{"line":21,"column":55}},"15":{"start":{"line":22,"column":9},"end":{"line":22,"column":34}},"16":{"start":{"line":5,"column":0},"end":{"line":5,"column":16}}},"fnMap":{"0":{"name":"dateValidation","decl":{"start":{"line":5,"column":16},"end":{"line":5,"column":30}},"loc":{"start":{"line":8,"column":20},"end":{"line":24,"column":1}}}},"branchMap":{"0":{"loc":{"start":{"line":13,"column":4},"end":{"line":13,"column":80}},"type":"if","locations":[{"start":{"line":13,"column":4},"end":{"line":13,"column":80}}]},"1":{"loc":{"start":{"line":14,"column":4},"end":{"line":14,"column":63}},"type":"if","locations":[{"start":{"line":14,"column":4},"end":{"line":14,"column":63}}]},"2":{"loc":{"start":{"line":16,"column":4},"end":{"line":16,"column":63}},"type":"if","locations":[{"start":{"line":16,"column":4},"end":{"line":16,"column":63}}]},"3":{"loc":{"start":{"line":21,"column":4},"end":{"line":22,"column":34}},"type":"if","locations":[{"start":{"line":21,"column":4},"end":{"line":22,"column":34}},{"start":{"line":22,"column":9},"end":{"line":22,"column":34}}]}},"s":{"0":1,"1":1,"2":4,"3":4,"4":4,"5":1,"6":3,"7":1,"8":2,"9":2,"10":1,"11":1,"12":1,"13":3,"14":3,"15":0,"16":1},"f":{"0":4},"b":{"0":[1],"1":[1],"2":[1],"3":[3,0]}}
,"/home/luciano/estudos_node/myapp/src/middleware/out.ts": {"path":"/home/luciano/estudos_node/myapp/src/middleware/out.ts","statementMap":{"0":{"start":{"line":2,"column":0},"end":{"line":2,"column":35}},"1":{"start":{"line":5,"column":2},"end":{"line":6,"column":58}},"2":{"start":{"line":5,"column":20},"end":{"line":5,"column":67}},"3":{"start":{"line":6,"column":7},"end":{"line":6,"column":58}},"4":{"start":{"line":4,"column":0},"end":{"line":4,"column":16}},"5":{"start":{"line":10,"column":2},"end":{"line":10,"column":33}},"6":{"start":{"line":9,"column":0},"end":{"line":9,"column":16}},"7":{"start":{"line":18,"column":2},"end":{"line":18,"column":51}},"8":{"start":{"line":13,"column":0},"end":{"line":13,"column":16}},"9":{"start":{"line":25,"column":2},"end":{"line":25,"column":36}},"10":{"start":{"line":21,"column":0},"end":{"line":21,"column":16}}},"fnMap":{"0":{"name":"errorHandler","decl":{"start":{"line":4,"column":16},"end":{"line":4,"column":28}},"loc":{"start":{"line":4,"column":56},"end":{"line":7,"column":1}}},"1":{"name":"sendSuccess","decl":{"start":{"line":9,"column":16},"end":{"line":9,"column":27}},"loc":{"start":{"line":9,"column":56},"end":{"line":11,"column":1}}},"2":{"name":"sendBadRequest","decl":{"start":{"line":13,"column":16},"end":{"line":13,"column":30}},"loc":{"start":{"line":16,"column":26},"end":{"line":19,"column":1}}},"3":{"name":"sendUnexpectedError","decl":{"start":{"line":21,"column":16},"end":{"line":21,"column":35}},"loc":{"start":{"line":23,"column":42},"end":{"line":26,"column":1}}}},"branchMap":{"0":{"loc":{"start":{"line":5,"column":2},"end":{"line":6,"column":58}},"type":"if","locations":[{"start":{"line":5,"column":2},"end":{"line":6,"column":58}},{"start":{"line":6,"column":7},"end":{"line":6,"column":58}}]},"1":{"loc":{"start":{"line":23,"column":2},"end":{"line":23,"column":42}},"type":"default-arg","locations":[{"start":{"line":23,"column":12},"end":{"line":23,"column":42}}]}},"s":{"0":1,"1":3,"2":3,"3":0,"4":1,"5":1,"6":1,"7":1,"8":1,"9":1,"10":1},"f":{"0":3,"1":1,"2":1,"3":1},"b":{"0":[3,0],"1":[1]}}
}
