TN:
SF:src/utils.ts
FN:1,isError
FNF:1
FNH:1
FNDA:6,isError
DA:1,2
DA:2,6
DA:4,6
LF:3
LH:3
BRDA:2,0,0,0
BRDA:2,0,1,6
BRF:2
BRH:1
end_of_record
TN:
SF:src/actions/closest-week-day.ts
FN:8,isWeekday
FN:17,isHoliday
FN:18,(anonymous_2)
FN:21,closestWeekDay
FN:27,closestWeekDayBefore
FNF:5
FNH:5
FNDA:5,isWeekday
FNDA:2,isHoliday
FNDA:8,(anonymous_2)
FNDA:3,closestWeekDay
FNDA:2,closestWeekDayBefore
DA:1,1
DA:9,5
DA:10,5
DA:11,2
DA:13,3
DA:18,8
DA:21,1
DA:22,3
DA:24,3
DA:25,2
DA:27,1
DA:28,2
DA:30,2
DA:31,1
LF:14
LH:14
BRDA:10,0,0,2
BRDA:10,0,1,3
BRDA:10,1,0,5
BRDA:10,1,1,4
BRDA:24,2,0,1
BRDA:24,2,1,2
BRDA:24,3,0,3
BRDA:24,3,1,1
BRDA:30,4,0,1
BRDA:30,4,1,1
BRDA:30,5,0,2
BRDA:30,5,1,1
BRF:12
BRH:12
end_of_record
TN:
SF:src/middleware/in.ts
FN:5,dateValidation
FNF:1
FNH:1
FNDA:4,dateValidation
DA:2,1
DA:3,1
DA:5,1
DA:10,4
DA:11,4
DA:13,4
DA:14,3
DA:15,2
DA:16,2
DA:18,1
DA:19,1
DA:21,3
DA:22,0
LF:13
LH:12
BRDA:13,0,0,1
BRDA:14,1,0,1
BRDA:16,2,0,1
BRDA:21,3,0,3
BRDA:21,3,1,0
BRF:5
BRH:4
end_of_record
TN:
SF:src/middleware/out.ts
FN:4,errorHandler
FN:9,sendSuccess
FN:13,sendBadRequest
FN:21,sendUnexpectedError
FNF:4
FNH:4
FNDA:3,errorHandler
FNDA:1,sendSuccess
FNDA:1,sendBadRequest
FNDA:1,sendUnexpectedError
DA:2,1
DA:4,1
DA:5,3
DA:6,0
DA:9,1
DA:10,1
DA:13,1
DA:18,1
DA:21,1
DA:25,1
LF:10
LH:9
BRDA:5,0,0,3
BRDA:5,0,1,0
BRDA:23,1,0,1
BRF:3
BRH:2
end_of_record
